{"name": "Testing the UI of the Personal account page -- @1.1 ", "status": "broken", "statusDetails": {"message": "selenium.common.exceptions.NoSuchElementException: Message: no such element: Unable to locate element: {\"method\":\"xpath\",\"selector\":\"//*[@placeholder='Почта']\"}\n  (Session info: chrome=103.0.5060.134)\nStacktrace:\nBacktrace:\n\tOrdinal0 [0x0102D953+2414931]\n\tOrdinal0 [0x00FBF5E1+1963489]\n\tOrdinal0 [0x00EAC6B8+837304]\n\tOrdinal0 [0x00ED9500+1021184]\n\tOrdinal0 [0x00ED979B+1021851]\n\tOrdinal0 [0x00F06502+1205506]\n\tOrdinal0 [0x00EF44E4+1131748]\n\tOrdinal0 [0x00F04812+1198098]\n\tOrdinal0 [0x00EF42B6+1131190]\n\tOrdinal0 [0x00ECE860+976992]\n\tOrdinal0 [0x00ECF756+980822]\n\tGetHandleVerifier [0x0129CC62+2510274]\n\tGetHandleVerifier [0x0128F760+2455744]\n\tGetHandleVerifier [0x010BEABA+551962]\n\tGetHandleVerifier [0x010BD916+547446]\n\tOrdinal0 [0x00FC5F3B+1990459]\n\tOrdinal0 [0x00FCA898+2009240]\n\tOrdinal0 [0x00FCA985+2009477]\n\tOrdinal0 [0x00FD3AD1+2046673]\n\tBaseThreadInitThunk [0x75DDFA29+25]\n\tRtlGetAppContainerNamedObjectPath [0x779F7A9E+286]\n\tRtlGetAppContainerNamedObjectPath [0x779F7A6E+238]\n\n", "trace": "  File \"c:\\users\\serge\\documents\\python\\django\\new_step\\venv\\lib\\site-packages\\behave\\model.py\", line 1329, in run\n    match.run(runner.context)\n  File \"c:\\users\\serge\\documents\\python\\django\\new_step\\venv\\lib\\site-packages\\behave\\matchers.py\", line 98, in run\n    self.func(context, *args, **kwargs)\n  File \"autotest_behave\\features\\steps\\bumblebysteps.py\", line 20, in step_impl\n    context.driver.find_element(By.XPATH, \"//*[@placeholder='Почта']\").send_keys(user)\n  File \"c:\\users\\serge\\documents\\python\\django\\new_step\\venv\\lib\\site-packages\\selenium\\webdriver\\remote\\webdriver.py\", line 1251, in find_element\n    return self.execute(Command.FIND_ELEMENT, {\n  File \"c:\\users\\serge\\documents\\python\\django\\new_step\\venv\\lib\\site-packages\\selenium\\webdriver\\remote\\webdriver.py\", line 430, in execute\n    self.error_handler.check_response(response)\n  File \"c:\\users\\serge\\documents\\python\\django\\new_step\\venv\\lib\\site-packages\\selenium\\webdriver\\remote\\errorhandler.py\", line 247, in check_response\n    raise exception_class(message, screen, stacktrace)\n"}, "steps": [{"name": "Given Launch Chrome browser", "status": "passed", "start": 1659767810060, "stop": 1659767813603}, {"name": "When Open the Account login page", "status": "passed", "start": 1659767813603, "stop": 1659767816528}, {"name": "And Enter login \"email\" and password \"password\"", "status": "broken", "statusDetails": {"message": "selenium.common.exceptions.NoSuchElementException: Message: no such element: Unable to locate element: {\"method\":\"xpath\",\"selector\":\"//*[@placeholder='Почта']\"}\n  (Session info: chrome=103.0.5060.134)\nStacktrace:\nBacktrace:\n\tOrdinal0 [0x0102D953+2414931]\n\tOrdinal0 [0x00FBF5E1+1963489]\n\tOrdinal0 [0x00EAC6B8+837304]\n\tOrdinal0 [0x00ED9500+1021184]\n\tOrdinal0 [0x00ED979B+1021851]\n\tOrdinal0 [0x00F06502+1205506]\n\tOrdinal0 [0x00EF44E4+1131748]\n\tOrdinal0 [0x00F04812+1198098]\n\tOrdinal0 [0x00EF42B6+1131190]\n\tOrdinal0 [0x00ECE860+976992]\n\tOrdinal0 [0x00ECF756+980822]\n\tGetHandleVerifier [0x0129CC62+2510274]\n\tGetHandleVerifier [0x0128F760+2455744]\n\tGetHandleVerifier [0x010BEABA+551962]\n\tGetHandleVerifier [0x010BD916+547446]\n\tOrdinal0 [0x00FC5F3B+1990459]\n\tOrdinal0 [0x00FCA898+2009240]\n\tOrdinal0 [0x00FCA985+2009477]\n\tOrdinal0 [0x00FD3AD1+2046673]\n\tBaseThreadInitThunk [0x75DDFA29+25]\n\tRtlGetAppContainerNamedObjectPath [0x779F7A9E+286]\n\tRtlGetAppContainerNamedObjectPath [0x779F7A6E+238]\n\n", "trace": "  File \"c:\\users\\serge\\documents\\python\\django\\new_step\\venv\\lib\\site-packages\\behave\\model.py\", line 1329, in run\n    match.run(runner.context)\n  File \"c:\\users\\serge\\documents\\python\\django\\new_step\\venv\\lib\\site-packages\\behave\\matchers.py\", line 98, in run\n    self.func(context, *args, **kwargs)\n  File \"autotest_behave\\features\\steps\\bumblebysteps.py\", line 20, in step_impl\n    context.driver.find_element(By.XPATH, \"//*[@placeholder='Почта']\").send_keys(user)\n  File \"c:\\users\\serge\\documents\\python\\django\\new_step\\venv\\lib\\site-packages\\selenium\\webdriver\\remote\\webdriver.py\", line 1251, in find_element\n    return self.execute(Command.FIND_ELEMENT, {\n  File \"c:\\users\\serge\\documents\\python\\django\\new_step\\venv\\lib\\site-packages\\selenium\\webdriver\\remote\\webdriver.py\", line 430, in execute\n    self.error_handler.check_response(response)\n  File \"c:\\users\\serge\\documents\\python\\django\\new_step\\venv\\lib\\site-packages\\selenium\\webdriver\\remote\\errorhandler.py\", line 247, in check_response\n    raise exception_class(message, screen, stacktrace)\n"}, "start": 1659767816528, "stop": 1659767822796}, {"name": "And Click on the Submit button", "status": "skipped", "start": 1659767822812, "stop": 1659767822812}, {"name": "And Click on the Profile button", "status": "skipped", "start": 1659767822812, "stop": 1659767822812}, {"name": "And Verify that the Last name field present on a page", "status": "skipped", "start": 1659767822812, "stop": 1659767822812}, {"name": "And Verify that the First name field present on a page", "status": "skipped", "start": 1659767822812, "stop": 1659767822812}, {"name": "And Verify that the Patronymic field present on a page", "status": "skipped", "start": 1659767822812, "stop": 1659767822812}, {"name": "And Verify that the Postal address field present on a page", "status": "skipped", "start": 1659767822812, "stop": 1659767822812}, {"name": "And Verify that the Email field present on a page", "status": "skipped", "start": 1659767822812, "stop": 1659767822812}, {"name": "And Verify that the Telephone field present on a pages", "status": "skipped", "start": 1659767822812, "stop": 1659767822812}, {"name": "And Verify that the Date of birth field present on a page", "status": "skipped", "start": 1659767822812, "stop": 1659767822812}, {"name": "And Verify that the Category field present on a page", "status": "skipped", "start": 1659767822812, "stop": 1659767822812}, {"name": "Then Bumbleby UI meets the technical specification", "status": "skipped", "start": 1659767822812, "stop": 1659767822812}], "parameters": [{"name": "login", "value": "email"}, {"name": "password", "value": "password"}], "start": 1659767810060, "stop": 1659767822812, "uuid": "52d7f8fb-084e-4faf-b2b0-4664a1731edd", "historyId": "70e7a8f0ebb6af360373cfeea3934a29", "fullName": "Testing Bumbleby UI for compliance with the technical specification: Testing the UI of the Personal account page", "labels": [{"name": "severity", "value": "normal"}, {"name": "feature", "value": "Testing Bumbleby UI for compliance with the technical specification"}, {"name": "framework", "value": "behave"}, {"name": "language", "value": "cpython3"}]}